<?xml version="1.0" encoding="UTF-8"?>
<!-- Generated by org.testng.reporters.JUnitXMLReporter -->
<testsuite hostname="mpatil" ignored="0" name="Home Page Test" tests="3" failures="1" timestamp="18 May 2020 10:49:40 GMT" time="170.119" errors="0">
  <testcase name="VerifyHomePageTitleTest" time="14.216" classname="com.product.qa.testcases.HomePageTest"/>
  <testcase name="VerifyMzLogotest" time="5.091" classname="com.product.qa.testcases.HomePageTest">
    <failure type="java.lang.AssertionError" message="expected [true] but found [false]">
      <![CDATA[java.lang.AssertionError: expected [true] but found [false]at com.product.qa.testcases.HomePageTest.VerifyMzLogotest(HomePageTest.java:46)... Removed 29 stack frames]]>
    </failure>
  </testcase> <!-- VerifyMzLogotest -->
  <testcase name="VerifyCoursesLinkTest" time="5.19" classname="com.product.qa.testcases.HomePageTest"/>
</testsuite> <!-- Home Page Test -->
