<?xml version="1.0" encoding="UTF-8"?>
<!-- Generated by org.testng.reporters.JUnitXMLReporter -->
<testsuite hostname="mpatil" ignored="8" name="MZ Prduct Page Test Cases" tests="4" failures="2" timestamp="23 Apr 2020 11:39:57 GMT" time="216.931" errors="0">
  <testcase name="courseCountTest" time="13.255" classname="com.product.qa.testcases.DashboardPageTest"/>
  <testcase name="BlogsCountTest" time="13.141" classname="com.product.qa.testcases.DashboardPageTest"/>
  <testcase name="EventsCountTest" time="49.465" classname="com.product.qa.testcases.DashboardPageTest">
    <failure type="org.openqa.selenium.NoSuchElementException" message="no such element: Unable to locate element: {&amp;quot;method&amp;quot;:&amp;quot;xpath&amp;quot;,&amp;quot;selector&amp;quot;:&amp;quot;//a[@class=&amp;apos;nav-link&amp;apos;][contains(text(),&amp;apos;Events11&amp;apos;)]&amp;quot;}
  (Session info: headless chrome=79.0.3945.88)
For documentation on this error, please visit: https://www.seleniumhq.org/exceptions/no_such_element.html
Build info: version: &amp;apos;3.141.59&amp;apos;, revision: &amp;apos;e82be7d358&amp;apos;, time: &amp;apos;2018-11-14T08:17:03&amp;apos;
System info: host: &amp;apos;MPATIL&amp;apos;, ip: &amp;apos;192.168.43.189&amp;apos;, os.name: &amp;apos;Windows 10&amp;apos;, os.arch: &amp;apos;amd64&amp;apos;, os.version: &amp;apos;10.0&amp;apos;, java.version: &amp;apos;1.8.0_191&amp;apos;
Driver info: org.openqa.selenium.chrome.ChromeDriver
Capabilities {acceptInsecureCerts: false, browserName: chrome, browserVersion: 79.0.3945.88, chrome: {chromedriverVersion: 79.0.3945.36 (3582db32b3389..., userDataDir: C:\Users\MANISH~1\AppData\L...}, goog:chromeOptions: {debuggerAddress: localhost:64806}, javascriptEnabled: true, networkConnectionEnabled: false, pageLoadStrategy: normal, platform: WINDOWS, platformName: WINDOWS, proxy: Proxy(), setWindowRect: true, strictFileInteractability: false, timeouts: {implicit: 0, pageLoad: 300000, script: 30000}, unhandledPromptBehavior: dismiss and notify}
Session ID: d95cbafcd82460b4d5f685e0367c6827
*** Element info: {Using=xpath, value=//a[@class=&amp;apos;nav-link&amp;apos;][contains(text(),&amp;apos;Events11&amp;apos;)]}">
      <![CDATA[org.openqa.selenium.NoSuchElementException: no such element: Unable to locate element: {"method":"xpath","selector":"//a[@class='nav-link'][contains(text(),'Events11')]"}  (Session info: headless chrome=79.0.3945.88)For documentation on this error, please visit: https://www.seleniumhq.org/exceptions/no_such_element.htmlBuild info: version: '3.141.59', revision: 'e82be7d358', time: '2018-11-14T08:17:03'System info: host: 'MPATIL', ip: '192.168.43.189', os.name: 'Windows 10', os.arch: 'amd64', os.version: '10.0', java.version: '1.8.0_191'Driver info: org.openqa.selenium.chrome.ChromeDriverCapabilities {acceptInsecureCerts: false, browserName: chrome, browserVersion: 79.0.3945.88, chrome: {chromedriverVersion: 79.0.3945.36 (3582db32b3389..., userDataDir: C:\Users\MANISH~1\AppData\L...}, goog:chromeOptions: {debuggerAddress: localhost:64806}, javascriptEnabled: true, networkConnectionEnabled: false, pageLoadStrategy: normal, platform: WINDOWS, platformName: WINDOWS, proxy: Proxy(), setWindowRect: true, strictFileInteractability: false, timeouts: {implicit: 0, pageLoad: 300000, script: 30000}, unhandledPromptBehavior: dismiss and notify}Session ID: d95cbafcd82460b4d5f685e0367c6827*** Element info: {Using=xpath, value=//a[@class='nav-link'][contains(text(),'Events11')]}at org.openqa.selenium.remote.http.W3CHttpResponseCodec.createException(W3CHttpResponseCodec.java:187)at org.openqa.selenium.remote.http.W3CHttpResponseCodec.decode(W3CHttpResponseCodec.java:122)at org.openqa.selenium.remote.http.W3CHttpResponseCodec.decode(W3CHttpResponseCodec.java:49)at org.openqa.selenium.remote.HttpCommandExecutor.execute(HttpCommandExecutor.java:158)at org.openqa.selenium.remote.service.DriverCommandExecutor.execute(DriverCommandExecutor.java:83)at org.openqa.selenium.remote.RemoteWebDriver.execute(RemoteWebDriver.java:552)at org.openqa.selenium.remote.RemoteWebDriver.findElement(RemoteWebDriver.java:323)at org.openqa.selenium.remote.RemoteWebDriver.findElementByXPath(RemoteWebDriver.java:428)at org.openqa.selenium.By$ByXPath.findElement(By.java:353)at org.openqa.selenium.remote.RemoteWebDriver.findElement(RemoteWebDriver.java:315)at com.product.qa.pages.DashboardPage.verifyEventsCount(DashboardPage.java:137)at com.product.qa.testcases.DashboardPageTest.EventsCountTest(DashboardPageTest.java:46)... Removed 29 stack frames]]>
    </failure>
  </testcase> <!-- EventsCountTest -->
  <testcase name="EventsCountTest" time="98.35" classname="com.product.qa.testcases.DashboardPageTest">
    <failure type="java.lang.NullPointerException">
      <![CDATA[java.lang.NullPointerExceptionat com.product.qa.base.TestBase.getScreenshotPath(TestBase.java:58)at com.product.qa.extentReportListener.Listeners.onTestFailure(Listeners.java:48)... Removed 22 stack frames]]>
    </failure>
  </testcase> <!-- EventsCountTest -->
  <testcase name="EventViewAllBtnTest" time="0.0" classname="com.product.qa.testcases.DashboardPageTest">
    <ignored/>
  </testcase> <!-- EventViewAllBtnTest -->
  <testcase name="BlogsOpenTest" time="0.0" classname="com.product.qa.testcases.DashboardPageTest">
    <ignored/>
  </testcase> <!-- BlogsOpenTest -->
  <testcase name="verifyEventOpenTest" time="0.0" classname="com.product.qa.testcases.DashboardPageTest">
    <ignored/>
  </testcase> <!-- verifyEventOpenTest -->
  <testcase name="upcomingEventLabelTest" time="0.0" classname="com.product.qa.testcases.DashboardPageTest">
    <ignored/>
  </testcase> <!-- upcomingEventLabelTest -->
  <testcase name="BlogsViewAllBtnTest" time="0.0" classname="com.product.qa.testcases.DashboardPageTest">
    <ignored/>
  </testcase> <!-- BlogsViewAllBtnTest -->
  <testcase name="resumeButtonTest" time="0.0" classname="com.product.qa.testcases.DashboardPageTest">
    <ignored/>
  </testcase> <!-- resumeButtonTest -->
  <testcase name="BlogsLabelTest" time="0.0" classname="com.product.qa.testcases.DashboardPageTest">
    <ignored/>
  </testcase> <!-- BlogsLabelTest -->
  <testcase name="LearnigPathLabelTest" time="0.0" classname="com.product.qa.testcases.DashboardPageTest">
    <ignored/>
  </testcase> <!-- LearnigPathLabelTest -->
</testsuite> <!-- MZ Prduct Page Test Cases -->
