<?xml version="1.0" encoding="UTF-8"?>
<!-- Generated by org.testng.reporters.JUnitXMLReporter -->
<testsuite hostname="mpatil" ignored="9" name="Test" tests="9" failures="1" timestamp="18 Aug 2020 13:32:15 GMT" time="550.991" errors="0">
  <testcase name="@BeforeMethod setUp" time="45.618" classname="com.product.qa.testcases.BlogsPageTest">
    <failure type="org.openqa.selenium.TimeoutException" message="timeout: Timed out receiving message from renderer: 33.429
  (Session info: headless chrome=84.0.4147.125)
Build info: version: &amp;apos;3.141.59&amp;apos;, revision: &amp;apos;e82be7d358&amp;apos;, time: &amp;apos;2018-11-14T08:17:03&amp;apos;
System info: host: &amp;apos;MPATIL&amp;apos;, ip: &amp;apos;192.168.15.219&amp;apos;, os.name: &amp;apos;Windows 10&amp;apos;, os.arch: &amp;apos;amd64&amp;apos;, os.version: &amp;apos;10.0&amp;apos;, java.version: &amp;apos;1.8.0_191&amp;apos;
Driver info: org.openqa.selenium.chrome.ChromeDriver
Capabilities {acceptInsecureCerts: false, browserName: chrome, browserVersion: 84.0.4147.125, chrome: {chromedriverVersion: 83.0.4103.39 (ccbf011cb2d2b..., userDataDir: C:\Users\MANISH~1\AppData\L...}, goog:chromeOptions: {debuggerAddress: localhost:57423}, javascriptEnabled: true, networkConnectionEnabled: false, pageLoadStrategy: normal, platform: WINDOWS, platformName: WINDOWS, proxy: Proxy(), setWindowRect: true, strictFileInteractability: false, timeouts: {implicit: 0, pageLoad: 300000, script: 30000}, unhandledPromptBehavior: dismiss and notify, webauthn:virtualAuthenticators: true}
Session ID: 98974155837e0380a384368ceccc6310">
      <![CDATA[org.openqa.selenium.TimeoutException: timeout: Timed out receiving message from renderer: 33.429  (Session info: headless chrome=84.0.4147.125)Build info: version: '3.141.59', revision: 'e82be7d358', time: '2018-11-14T08:17:03'System info: host: 'MPATIL', ip: '192.168.15.219', os.name: 'Windows 10', os.arch: 'amd64', os.version: '10.0', java.version: '1.8.0_191'Driver info: org.openqa.selenium.chrome.ChromeDriverCapabilities {acceptInsecureCerts: false, browserName: chrome, browserVersion: 84.0.4147.125, chrome: {chromedriverVersion: 83.0.4103.39 (ccbf011cb2d2b..., userDataDir: C:\Users\MANISH~1\AppData\L...}, goog:chromeOptions: {debuggerAddress: localhost:57423}, javascriptEnabled: true, networkConnectionEnabled: false, pageLoadStrategy: normal, platform: WINDOWS, platformName: WINDOWS, proxy: Proxy(), setWindowRect: true, strictFileInteractability: false, timeouts: {implicit: 0, pageLoad: 300000, script: 30000}, unhandledPromptBehavior: dismiss and notify, webauthn:virtualAuthenticators: true}Session ID: 98974155837e0380a384368ceccc6310at org.openqa.selenium.remote.http.W3CHttpResponseCodec.createException(W3CHttpResponseCodec.java:187)at org.openqa.selenium.remote.http.W3CHttpResponseCodec.decode(W3CHttpResponseCodec.java:122)at org.openqa.selenium.remote.http.W3CHttpResponseCodec.decode(W3CHttpResponseCodec.java:49)at org.openqa.selenium.remote.HttpCommandExecutor.execute(HttpCommandExecutor.java:158)at org.openqa.selenium.remote.service.DriverCommandExecutor.execute(DriverCommandExecutor.java:83)at org.openqa.selenium.remote.RemoteWebDriver.execute(RemoteWebDriver.java:552)at org.openqa.selenium.remote.RemoteWebDriver.get(RemoteWebDriver.java:277)at com.product.qa.base.TestBase.initialization(TestBase.java:159)at com.product.qa.testcases.BlogsPageTest.setUp(BlogsPageTest.java:25)... Removed 32 stack frames]]>
    </failure>
  </testcase> <!-- @BeforeMethod setUp -->
  <testcase name="@AfterMethod tearDown" time="0.0" classname="com.product.qa.testcases.BlogsPageTest">
    <skipped/>
  </testcase> <!-- @AfterMethod tearDown -->
  <testcase name="LoginPageTitletest" time="5.107" classname="com.product.qa.testcases.LoginTest"/>
  <testcase name="courseCountTest" time="6.286" classname="com.product.qa.testcases.DashboardPageTest"/>
  <testcase name="verifyPasswordLabelTest" time="0.068" classname="com.product.qa.testcases.ChangePasswordTest"/>
  <testcase name="verifyBesicDetailTest" time="40.436" classname="com.product.qa.testcases.MyProfileTest">
    <failure type="org.openqa.selenium.NoSuchElementException" message="no such element: Unable to locate element: {&amp;quot;method&amp;quot;:&amp;quot;xpath&amp;quot;,&amp;quot;selector&amp;quot;:&amp;quot;//div[contains(text(),&amp;apos;Super Admin&amp;apos;)]&amp;quot;}
  (Session info: headless chrome=84.0.4147.125)
For documentation on this error, please visit: https://www.seleniumhq.org/exceptions/no_such_element.html
Build info: version: &amp;apos;3.141.59&amp;apos;, revision: &amp;apos;e82be7d358&amp;apos;, time: &amp;apos;2018-11-14T08:17:03&amp;apos;
System info: host: &amp;apos;MPATIL&amp;apos;, ip: &amp;apos;192.168.15.219&amp;apos;, os.name: &amp;apos;Windows 10&amp;apos;, os.arch: &amp;apos;amd64&amp;apos;, os.version: &amp;apos;10.0&amp;apos;, java.version: &amp;apos;1.8.0_191&amp;apos;
Driver info: org.openqa.selenium.chrome.ChromeDriver
Capabilities {acceptInsecureCerts: false, browserName: chrome, browserVersion: 84.0.4147.125, chrome: {chromedriverVersion: 83.0.4103.39 (ccbf011cb2d2b..., userDataDir: C:\Users\MANISH~1\AppData\L...}, goog:chromeOptions: {debuggerAddress: localhost:57202}, javascriptEnabled: true, networkConnectionEnabled: false, pageLoadStrategy: normal, platform: WINDOWS, platformName: WINDOWS, proxy: Proxy(), setWindowRect: true, strictFileInteractability: false, timeouts: {implicit: 0, pageLoad: 300000, script: 30000}, unhandledPromptBehavior: dismiss and notify, webauthn:virtualAuthenticators: true}
Session ID: 9f0847c5f54c9d332326e3c8e0bb341c
*** Element info: {Using=xpath, value=//div[contains(text(),&amp;apos;Super Admin&amp;apos;)]}">
      <![CDATA[org.openqa.selenium.NoSuchElementException: no such element: Unable to locate element: {"method":"xpath","selector":"//div[contains(text(),'Super Admin')]"}  (Session info: headless chrome=84.0.4147.125)For documentation on this error, please visit: https://www.seleniumhq.org/exceptions/no_such_element.htmlBuild info: version: '3.141.59', revision: 'e82be7d358', time: '2018-11-14T08:17:03'System info: host: 'MPATIL', ip: '192.168.15.219', os.name: 'Windows 10', os.arch: 'amd64', os.version: '10.0', java.version: '1.8.0_191'Driver info: org.openqa.selenium.chrome.ChromeDriverCapabilities {acceptInsecureCerts: false, browserName: chrome, browserVersion: 84.0.4147.125, chrome: {chromedriverVersion: 83.0.4103.39 (ccbf011cb2d2b..., userDataDir: C:\Users\MANISH~1\AppData\L...}, goog:chromeOptions: {debuggerAddress: localhost:57202}, javascriptEnabled: true, networkConnectionEnabled: false, pageLoadStrategy: normal, platform: WINDOWS, platformName: WINDOWS, proxy: Proxy(), setWindowRect: true, strictFileInteractability: false, timeouts: {implicit: 0, pageLoad: 300000, script: 30000}, unhandledPromptBehavior: dismiss and notify, webauthn:virtualAuthenticators: true}Session ID: 9f0847c5f54c9d332326e3c8e0bb341c*** Element info: {Using=xpath, value=//div[contains(text(),'Super Admin')]}at org.openqa.selenium.remote.http.W3CHttpResponseCodec.createException(W3CHttpResponseCodec.java:187)at org.openqa.selenium.remote.http.W3CHttpResponseCodec.decode(W3CHttpResponseCodec.java:122)at org.openqa.selenium.remote.http.W3CHttpResponseCodec.decode(W3CHttpResponseCodec.java:49)at org.openqa.selenium.remote.HttpCommandExecutor.execute(HttpCommandExecutor.java:158)at org.openqa.selenium.remote.service.DriverCommandExecutor.execute(DriverCommandExecutor.java:83)at org.openqa.selenium.remote.RemoteWebDriver.execute(RemoteWebDriver.java:552)at org.openqa.selenium.remote.RemoteWebDriver.findElement(RemoteWebDriver.java:323)at org.openqa.selenium.remote.RemoteWebDriver.findElementByXPath(RemoteWebDriver.java:428)at org.openqa.selenium.By$ByXPath.findElement(By.java:353)at org.openqa.selenium.remote.RemoteWebDriver.findElement(RemoteWebDriver.java:315)at org.openqa.selenium.support.pagefactory.DefaultElementLocator.findElement(DefaultElementLocator.java:69)at org.openqa.selenium.support.pagefactory.internal.LocatingElementHandler.invoke(LocatingElementHandler.java:38)at com.sun.proxy.$Proxy9.isDisplayed(Unknown Source)at com.product.qa.pages.MyProfile.verifyFirstName(MyProfile.java:96)at com.product.qa.testcases.MyProfileTest.verifyBesicDetailTest(MyProfileTest.java:45)... Removed 29 stack frames]]>
    </failure>
  </testcase> <!-- verifyBesicDetailTest -->
  <testcase name="FeedbackLabelTest" time="0.051" classname="com.product.qa.testcases.FeedbackTest"/>
  <testcase name="VerifyHomePageTitleTest" time="7.02" classname="com.product.qa.testcases.HomePageTest"/>
  <testcase name="verifyBlogLabelTest" time="0.0" classname="com.product.qa.testcases.BlogsPageTest">
    <skipped/>
  </testcase> <!-- verifyBlogLabelTest -->
  <testcase name="VerifyCoursesPageFilterLinksTest" time="8.191" classname="com.product.qa.testcases.CoursesPageTest"/>
  <testcase name="MzLogoImagetest" time="5.087" classname="com.product.qa.testcases.LoginTest"/>
  <testcase name="ValidateRemoveImageTest" time="0.0" classname="com.product.qa.testcases.MyProfileTest">
    <ignored/>
  </testcase> <!-- ValidateRemoveImageTest -->
  <testcase name="EventViewAllBtnTest" time="0.0" classname="com.product.qa.testcases.DashboardPageTest">
    <ignored/>
  </testcase> <!-- EventViewAllBtnTest -->
  <testcase name="relatedEventsOpenTest" time="0.0" classname="com.product.qa.testcases.BlogsPageTest">
    <ignored/>
  </testcase> <!-- relatedEventsOpenTest -->
  <testcase name="verifyEventOpenTest" time="0.0" classname="com.product.qa.testcases.DashboardPageTest">
    <ignored/>
  </testcase> <!-- verifyEventOpenTest -->
  <testcase name="upcomingEventLabelTest" time="0.0" classname="com.product.qa.testcases.DashboardPageTest">
    <ignored/>
  </testcase> <!-- upcomingEventLabelTest -->
  <testcase name="verifyReadMoreBtnTest" time="0.0" classname="com.product.qa.testcases.BlogsPageTest">
    <ignored/>
  </testcase> <!-- verifyReadMoreBtnTest -->
  <testcase name="relatedCourseOpenTest" time="0.0" classname="com.product.qa.testcases.BlogsPageTest">
    <ignored/>
  </testcase> <!-- relatedCourseOpenTest -->
  <testcase name="ValidateForgotPassword" time="0.0" classname="com.product.qa.testcases.LoginTest">
    <ignored/>
  </testcase> <!-- ValidateForgotPassword -->
  <testcase name="ValidateUpdateProfileTest" time="0.0" classname="com.product.qa.testcases.MyProfileTest">
    <ignored/>
  </testcase> <!-- ValidateUpdateProfileTest -->
</testsuite> <!-- Test -->
