<?xml version="1.0" encoding="UTF-8"?>
<!-- Generated by org.testng.reporters.JUnitReportReporter -->
<testsuite skipped="4" hostname="mpatil" name="com.product.qa.testcases.LoginTest" tests="5" failures="0" timestamp="02 Sep 2020 11:33:01 GMT" time="6.238" errors="1">
  <testcase name="setUp" time="6.238" classname="com.product.qa.testcases.LoginTest">
    <error type="org.openqa.selenium.SessionNotCreatedException" message="session not created: This version of ChromeDriver only supports Chrome version 83
Build info: version: &#039;3.141.59&#039;, revision: &#039;e82be7d358&#039;, time: &#039;2018-11-14T08:17:03&#039;
System info: host: &#039;MPATIL&#039;, ip: &#039;192.168.0.108&#039;, os.name: &#039;Windows 10&#039;, os.arch: &#039;amd64&#039;, os.version: &#039;10.0&#039;, java.version: &#039;1.8.0_191&#039;
Driver info: driver.version: ChromeDriver
remote stacktrace: Backtrace:
	Ordinal0 [0x00A19563+2725219]
	Ordinal0 [0x00918551+1672529]
	Ordinal0 [0x00800359+525145]
	Ordinal0 [0x00790B77+68471]
	Ordinal0 [0x0078D32C+54060]
	Ordinal0 [0x007ACC37+183351]
	Ordinal0 [0x007ACA3D+182845]
	Ordinal0 [0x007AA94B+174411]
	Ordinal0 [0x00792528+75048]
	Ordinal0 [0x007935A0+79264]
	Ordinal0 [0x00793539+79161]
	Ordinal0 [0x0092D607+1758727]
	GetHandleVerifier [0x00B36546+1050150]
	GetHandleVerifier [0x00B36291+1049457]
	GetHandleVerifier [0x00B410D7+1094071]
	GetHandleVerifier [0x00B36B46+1051686]
	Ordinal0 [0x00925B06+1727238]
	Ordinal0 [0x0092EB7B+1764219]
	Ordinal0 [0x0092ECE3+1764579]
	Ordinal0 [0x00944C05+1854469]
	BaseThreadInitThunk [0x77196359+25]
	RtlGetAppContainerNamedObjectPath [0x77D97C24+228]
	RtlGetAppContainerNamedObjectPath [0x77D97BF4+180]
">
      <![CDATA[org.openqa.selenium.SessionNotCreatedException: session not created: This version of ChromeDriver only supports Chrome version 83Build info: version: '3.141.59', revision: 'e82be7d358', time: '2018-11-14T08:17:03'System info: host: 'MPATIL', ip: '192.168.0.108', os.name: 'Windows 10', os.arch: 'amd64', os.version: '10.0', java.version: '1.8.0_191'Driver info: driver.version: ChromeDriverremote stacktrace: Backtrace:Ordinal0 [0x00A19563+2725219]Ordinal0 [0x00918551+1672529]Ordinal0 [0x00800359+525145]Ordinal0 [0x00790B77+68471]Ordinal0 [0x0078D32C+54060]Ordinal0 [0x007ACC37+183351]Ordinal0 [0x007ACA3D+182845]Ordinal0 [0x007AA94B+174411]Ordinal0 [0x00792528+75048]Ordinal0 [0x007935A0+79264]Ordinal0 [0x00793539+79161]Ordinal0 [0x0092D607+1758727]GetHandleVerifier [0x00B36546+1050150]GetHandleVerifier [0x00B36291+1049457]GetHandleVerifier [0x00B410D7+1094071]GetHandleVerifier [0x00B36B46+1051686]Ordinal0 [0x00925B06+1727238]Ordinal0 [0x0092EB7B+1764219]Ordinal0 [0x0092ECE3+1764579]Ordinal0 [0x00944C05+1854469]BaseThreadInitThunk [0x77196359+25]RtlGetAppContainerNamedObjectPath [0x77D97C24+228]RtlGetAppContainerNamedObjectPath [0x77D97BF4+180]at sun.reflect.NativeConstructorAccessorImpl.newInstance0(Native Method)at sun.reflect.NativeConstructorAccessorImpl.newInstance(Unknown Source)at sun.reflect.DelegatingConstructorAccessorImpl.newInstance(Unknown Source)at java.lang.reflect.Constructor.newInstance(Unknown Source)at org.openqa.selenium.remote.W3CHandshakeResponse.lambda$errorHandler$0(W3CHandshakeResponse.java:62)at org.openqa.selenium.remote.HandshakeResponse.lambda$getResponseFunction$0(HandshakeResponse.java:30)at org.openqa.selenium.remote.ProtocolHandshake.lambda$createSession$0(ProtocolHandshake.java:126)at java.util.stream.ReferencePipeline$3$1.accept(Unknown Source)at java.util.Spliterators$ArraySpliterator.tryAdvance(Unknown Source)at java.util.stream.ReferencePipeline.forEachWithCancel(Unknown Source)at java.util.stream.AbstractPipeline.copyIntoWithCancel(Unknown Source)at java.util.stream.AbstractPipeline.copyInto(Unknown Source)at java.util.stream.AbstractPipeline.wrapAndCopyInto(Unknown Source)at java.util.stream.FindOps$FindOp.evaluateSequential(Unknown Source)at java.util.stream.AbstractPipeline.evaluate(Unknown Source)at java.util.stream.ReferencePipeline.findFirst(Unknown Source)at org.openqa.selenium.remote.ProtocolHandshake.createSession(ProtocolHandshake.java:128)at org.openqa.selenium.remote.ProtocolHandshake.createSession(ProtocolHandshake.java:74)at org.openqa.selenium.remote.HttpCommandExecutor.execute(HttpCommandExecutor.java:136)at org.openqa.selenium.remote.service.DriverCommandExecutor.execute(DriverCommandExecutor.java:83)at org.openqa.selenium.remote.RemoteWebDriver.execute(RemoteWebDriver.java:552)at org.openqa.selenium.remote.RemoteWebDriver.startSession(RemoteWebDriver.java:213)at org.openqa.selenium.remote.RemoteWebDriver.<init>(RemoteWebDriver.java:131)at org.openqa.selenium.chrome.ChromeDriver.<init>(ChromeDriver.java:181)at org.openqa.selenium.chrome.ChromeDriver.<init>(ChromeDriver.java:168)at org.openqa.selenium.chrome.ChromeDriver.<init>(ChromeDriver.java:157)at com.product.qa.base.TestBase.initialization(TestBase.java:111)at com.product.qa.testcases.LoginTest.setUp(LoginTest.java:27)at sun.reflect.NativeMethodAccessorImpl.invoke0(Native Method)at sun.reflect.NativeMethodAccessorImpl.invoke(Unknown Source)at sun.reflect.DelegatingMethodAccessorImpl.invoke(Unknown Source)at java.lang.reflect.Method.invoke(Unknown Source)at org.testng.internal.MethodInvocationHelper.invokeMethod(MethodInvocationHelper.java:124)at org.testng.internal.MethodInvocationHelper.invokeMethodConsideringTimeout(MethodInvocationHelper.java:59)at org.testng.internal.Invoker.invokeConfigurationMethod(Invoker.java:451)at org.testng.internal.Invoker.invokeConfigurations(Invoker.java:222)at org.testng.internal.Invoker.invokeMethod(Invoker.java:516)at org.testng.internal.Invoker.invokeTestMethod(Invoker.java:707)at org.testng.internal.Invoker.invokeTestMethods(Invoker.java:979)at org.testng.internal.TestMethodWorker.invokeTestMethods(TestMethodWorker.java:125)at org.testng.internal.TestMethodWorker.run(TestMethodWorker.java:109)at org.testng.TestRunner.privateRun(TestRunner.java:648)at org.testng.TestRunner.run(TestRunner.java:505)at org.testng.SuiteRunner.runTest(SuiteRunner.java:455)at org.testng.SuiteRunner.runSequentially(SuiteRunner.java:450)at org.testng.SuiteRunner.privateRun(SuiteRunner.java:415)at org.testng.SuiteRunner.run(SuiteRunner.java:364)at org.testng.SuiteRunnerWorker.runSuite(SuiteRunnerWorker.java:52)at org.testng.SuiteRunnerWorker.run(SuiteRunnerWorker.java:84)at org.testng.TestNG.runSuitesSequentially(TestNG.java:1187)at org.testng.TestNG.runSuitesLocally(TestNG.java:1116)at org.testng.TestNG.runSuites(TestNG.java:1028)at org.testng.TestNG.run(TestNG.java:996)at org.testng.remote.AbstractRemoteTestNG.run(AbstractRemoteTestNG.java:115)at org.testng.remote.RemoteTestNG.initAndRun(RemoteTestNG.java:251)at org.testng.remote.RemoteTestNG.main(RemoteTestNG.java:77)]]>
    </error>
  </testcase> <!-- setUp -->
  <testcase name="LoginPageTitletest" time="0.000" classname="com.product.qa.testcases.LoginTest">
    <skipped/>
  </testcase> <!-- LoginPageTitletest -->
  <testcase name="MzLogoImagetest" time="0.000" classname="com.product.qa.testcases.LoginTest">
    <skipped/>
  </testcase> <!-- MzLogoImagetest -->
  <testcase name="ValidateLogin" time="0.000" classname="com.product.qa.testcases.LoginTest">
    <skipped/>
  </testcase> <!-- ValidateLogin -->
  <testcase name="ValidateForgotPassword" classname="com.product.qa.testcases.LoginTest">
    <skipped/>
  </testcase> <!-- ValidateForgotPassword -->
</testsuite> <!-- com.product.qa.testcases.LoginTest -->
